Dec-14 14:57:58.623 [main] DEBUG nextflow.cli.Launcher - $> nextflow run dlsra.nf
Dec-14 14:57:58.711 [main] INFO  nextflow.cli.CmdRun - N E X T F L O W  ~  version 20.10.0
Dec-14 14:57:58.720 [main] INFO  nextflow.cli.CmdRun - Launching `dlsra.nf` [festering_hodgkin] - revision: 574a34f53e
Dec-14 14:57:58.742 [main] DEBUG nextflow.config.ConfigBuilder - Found config home: /home/barry/.nextflow/config
Dec-14 14:57:58.744 [main] DEBUG nextflow.config.ConfigBuilder - Parsing config file: /home/barry/.nextflow/config
Dec-14 14:57:58.764 [main] DEBUG nextflow.config.ConfigBuilder - Applying config profile: `standard`
Dec-14 14:57:59.332 [main] DEBUG nextflow.Session - Session uuid: 97a061a2-d9c0-4858-a5cd-4d488a18a002
Dec-14 14:57:59.332 [main] DEBUG nextflow.Session - Run name: festering_hodgkin
Dec-14 14:57:59.332 [main] DEBUG nextflow.Session - Executor pool size: 8
Dec-14 14:57:59.364 [main] DEBUG nextflow.cli.CmdRun - 
  Version: 20.10.0 build 5430
  Created: 01-11-2020 15:14 UTC (15:14 BST)
  System: Linux 5.4.0-56-generic
  Runtime: Groovy 3.0.5 on OpenJDK 64-Bit Server VM 11.0.9.1+1-Ubuntu-0ubuntu1.18.04
  Encoding: UTF-8 (UTF-8)
  Process: 18868@NUIG [127.0.1.1]
  CPUs: 8 - Mem: 31.2 GB (20.6 GB) - Swap: 2 GB (2 GB)
Dec-14 14:57:59.384 [main] DEBUG nextflow.Session - Work-dir: /home/barry/website/BarryDigby.github.io/work [ext2/ext3]
Dec-14 14:57:59.384 [main] DEBUG nextflow.Session - Script base path does not exist or is not a directory: /home/barry/website/BarryDigby.github.io/bin
Dec-14 14:57:59.424 [main] DEBUG nextflow.Session - Observer factory: TowerFactory
Dec-14 14:57:59.427 [main] DEBUG nextflow.Session - Observer factory: DefaultObserverFactory
Dec-14 14:57:59.560 [main] DEBUG nextflow.Session - Session start invoked
Dec-14 14:57:59.673 [main] DEBUG nextflow.script.ScriptRunner - > Launching execution
Dec-14 14:57:59.689 [main] DEBUG nextflow.Session - Workflow process names [dsl1]: 
Dec-14 14:57:59.736 [ForkJoinPool.commonPool-worker-3] WARN  nextflow.datasource.SraExplorer - Define the NCBI_API_KEY env variable to use NCBI search service -- Read more https://ncbiinsights.ncbi.nlm.nih.gov/2017/11/02/new-api-keys-for-the-e-utilities/
Dec-14 14:57:59.742 [ForkJoinPool.commonPool-worker-3] DEBUG nextflow.datasource.SraExplorer - SRA search url=https://eutils.ncbi.nlm.nih.gov/entrez/eutils/esearch.fcgi?db=sra&usehistory=y&retmode=json&term=SRP079185
Dec-14 14:57:59.841 [main] DEBUG nextflow.script.ScriptRunner - > Await termination 
Dec-14 14:57:59.841 [main] DEBUG nextflow.Session - Session await
Dec-14 14:57:59.842 [main] DEBUG nextflow.Session - Session await > all process finished
Dec-14 14:57:59.842 [main] DEBUG nextflow.Session - Session await > all barriers passed
Dec-14 14:58:00.763 [ForkJoinPool.commonPool-worker-3] DEBUG nextflow.datasource.SraExplorer - SRA data request url=https://eutils.ncbi.nlm.nih.gov/entrez/eutils/esummary.fcgi?db=sra&retmode=json&query_key=1&WebEnv=MCID_5fd77d78c805a7131b0f8391&retstart=0&retmax=1000
Dec-14 14:58:01.473 [ForkJoinPool.commonPool-worker-3] DEBUG nextflow.datasource.SraExplorer - SRA fetch ftp fastq url=https://www.ebi.ac.uk/ena/data/warehouse/filereport?result=read_run&fields=fastq_ftp&accession=SRR3939074
Dec-14 14:58:02.530 [ForkJoinPool.commonPool-worker-3] DEBUG nextflow.datasource.SraExplorer - SRA fetch ftp fastq url=https://www.ebi.ac.uk/ena/data/warehouse/filereport?result=read_run&fields=fastq_ftp&accession=SRR3939073
Dec-14 14:58:03.521 [ForkJoinPool.commonPool-worker-3] DEBUG nextflow.datasource.SraExplorer - SRA fetch ftp fastq url=https://www.ebi.ac.uk/ena/data/warehouse/filereport?result=read_run&fields=fastq_ftp&accession=SRR3939072
Dec-14 14:58:04.419 [ForkJoinPool.commonPool-worker-3] DEBUG nextflow.datasource.SraExplorer - SRA fetch ftp fastq url=https://www.ebi.ac.uk/ena/data/warehouse/filereport?result=read_run&fields=fastq_ftp&accession=SRR3939071
Dec-14 14:58:05.327 [ForkJoinPool.commonPool-worker-3] DEBUG nextflow.datasource.SraExplorer - SRA fetch ftp fastq url=https://www.ebi.ac.uk/ena/data/warehouse/filereport?result=read_run&fields=fastq_ftp&accession=SRR3939070
Dec-14 14:58:06.053 [ForkJoinPool.commonPool-worker-3] DEBUG nextflow.datasource.SraExplorer - SRA fetch ftp fastq url=https://www.ebi.ac.uk/ena/data/warehouse/filereport?result=read_run&fields=fastq_ftp&accession=SRR3939069
Dec-14 14:58:06.931 [ForkJoinPool.commonPool-worker-3] DEBUG nextflow.datasource.SraExplorer - SRA fetch ftp fastq url=https://www.ebi.ac.uk/ena/data/warehouse/filereport?result=read_run&fields=fastq_ftp&accession=SRR3939068
Dec-14 14:58:07.691 [ForkJoinPool.commonPool-worker-3] DEBUG nextflow.datasource.SraExplorer - SRA fetch ftp fastq url=https://www.ebi.ac.uk/ena/data/warehouse/filereport?result=read_run&fields=fastq_ftp&accession=SRR3939067
Dec-14 14:58:08.473 [main] DEBUG nextflow.trace.WorkflowStatsObserver - Workflow completed > WorkflowStats[succeededCount=0; failedCount=0; ignoredCount=0; cachedCount=0; pendingCount=0; submittedCount=0; runningCount=0; retriesCount=0; abortedCount=0; succeedDuration=0ms; failedDuration=0ms; cachedDuration=0ms;loadCpus=0; loadMemory=0; peakRunning=0; peakCpus=0; peakMemory=0; ]
Dec-14 14:58:08.602 [main] DEBUG nextflow.CacheDB - Closing CacheDB done
Dec-14 14:58:08.607 [main] DEBUG nextflow.util.SpuriousDeps - AWS S3 uploader shutdown
Dec-14 14:58:08.620 [main] DEBUG nextflow.script.ScriptRunner - > Execution complete -- Goodbye
